<?xml version="1.0" encoding="UTF-8"?>
<testng-results skipped="0" failed="0" ignored="0" total="1" passed="1">
  <reporter-output>
  </reporter-output>
  <suite name="Default suite" duration-ms="33023" started-at="2022-02-09T23:11:51 IST" finished-at="2022-02-09T23:12:25 IST">
    <groups>
    </groups>
    <test name="Default test" duration-ms="33023" started-at="2022-02-09T23:11:51 IST" finished-at="2022-02-09T23:12:25 IST">
      <class name="AppiumCommandsDemo.AppiumCommnadsDemo">
        <test-method status="PASS" signature="test1()[pri:0, instance:AppiumCommandsDemo.AppiumCommnadsDemo@3234e239]" name="test1" duration-ms="32957" started-at="2022-02-09T23:11:52 IST" finished-at="2022-02-09T23:12:24 IST">
          <reporter-output>
          </reporter-output>
        </test-method> <!-- test1 -->
      </class> <!-- AppiumCommandsDemo.AppiumCommnadsDemo -->
    </test> <!-- Default test -->
  </suite> <!-- Default suite -->
</testng-results>
